生成启动时间为 2015/7/2 22:09:16。
     1>项目“C:\Users\Infertom-PC\Documents\Visual Studio 2010\Projects\Data_Structure_1\Data_Structure_1\Data_Structure_1.vcxproj”在节点 2 上(build 个目标)。
     1>InitializeBuildStatus:
         正在创建“Debug\Data_Structure_1.unsuccessfulbuild”，因为已指定“AlwaysCreate”。
       ClCompile:
         所有输出均为最新。
       ManifestResourceCompile:
         所有输出均为最新。
       Link:
         D:\Microsoft Visual Studio 10.0\VC\bin\link.exe /ERRORREPORT:PROMPT /OUT:"C:\Users\Infertom-PC\Documents\Visual Studio 2010\Projects\Data_Structure_1\Debug\Data_Structure_1.exe" /INCREMENTAL /NOLOGO kernel32.lib user32.lib gdi32.lib winspool.lib comdlg32.lib advapi32.lib shell32.lib ole32.lib oleaut32.lib uuid.lib odbc32.lib odbccp32.lib /MANIFEST /ManifestFile:"Debug\Data_Structure_1.exe.intermediate.manifest" /MANIFESTUAC:"level='asInvoker' uiAccess='false'" /DEBUG /PDB:"C:\Users\Infertom-PC\Documents\Visual Studio 2010\Projects\Data_Structure_1\Debug\Data_Structure_1.pdb" /SUBSYSTEM:CONSOLE /TLBID:1 /DYNAMICBASE /NXCOMPAT /IMPLIB:"C:\Users\Infertom-PC\Documents\Visual Studio 2010\Projects\Data_Structure_1\Debug\Data_Structure_1.lib" /MACHINE:X86 Debug\Data_Structure_1.exe.embed.manifest.res
         Debug\event.obj
         Debug\fifo.obj
         Debug\job.obj
         Debug\main.obj
         Debug\simulator.obj
         LINK : 没有找到 C:\Users\Infertom-PC\Documents\Visual Studio 2010\Projects\Data_Structure_1\Debug\Data_Structure_1.exe 或上一个增量链接没有生成它；正在执行完全链接
       Manifest:
         C:\Program Files (x86)\Microsoft SDKs\Windows\v7.0A\bin\mt.exe /nologo /verbose /out:"Debug\Data_Structure_1.exe.embed.manifest" /manifest Debug\Data_Structure_1.exe.intermediate.manifest
         所有输出均为最新。
       LinkEmbedManifest:
         所有输出均为最新。
         Data_Structure_1.vcxproj -> C:\Users\Infertom-PC\Documents\Visual Studio 2010\Projects\Data_Structure_1\Debug\Data_Structure_1.exe
       FinalizeBuildStatus:
         正在删除文件“Debug\Data_Structure_1.unsuccessfulbuild”。
         正在对“Debug\Data_Structure_1.lastbuildstate”执行 Touch 任务。
     1>已完成生成项目“C:\Users\Infertom-PC\Documents\Visual Studio 2010\Projects\Data_Structure_1\Data_Structure_1\Data_Structure_1.vcxproj”(build 个目标)的操作。

生成成功。

已用时间 00:00:01.28
